#
# There is insufficient memory for the Java Runtime Environment to continue.
# Native memory allocation (malloc) failed to allocate 32744 bytes for ChunkPool::allocate
# Possible reasons:
#   The system is out of physical RAM or swap space
#   In 32 bit mode, the process size limit was hit
# Possible solutions:
#   Reduce memory load on the system
#   Increase physical memory or swap space
#   Check if swap backing store is full
#   Use 64 bit Java on a 64 bit OS
#   Decrease Java heap size (-Xmx/-Xms)
#   Decrease number of Java threads
#   Decrease Java thread stack sizes (-Xss)
#   Set larger code cache with -XX:ReservedCodeCacheSize=
# This output file may be truncated or incomplete.
#
#  Out of Memory Error (allocation.cpp:273), pid=884, tid=0x0000000000002894
#
# JRE version: Java(TM) SE Runtime Environment (8.0_162-b12) (build 1.8.0_162-b12)
# Java VM: Java HotSpot(TM) 64-Bit Server VM (25.162-b12 mixed mode windows-amd64 compressed oops)
# Failed to write core dump. Minidumps are not enabled by default on client versions of Windows
#

---------------  T H R E A D  ---------------

Current thread (0x0000000002fa3800):  JavaThread "main" [_thread_in_vm, id=10388, stack(0x0000000002bf0000,0x0000000002cf0000)]

Stack: [0x0000000002bf0000,0x0000000002cf0000]
[error occurred during error reporting (printing stack bounds), id 0xc0000005]

Native frames: (J=compiled Java code, j=interpreted, Vv=VM code, C=native code)

Java frames: (J=compiled Java code, j=interpreted, Vv=VM code)
j  org.testng.internal.Invoker.considerExceptions(Lorg/testng/ITestNGMethod;Lorg/testng/ITestResult;Lorg/testng/internal/ExpectedExceptionsHolder;Lorg/testng/internal/Invoker$FailureContext;)Lorg/testng/internal/Invoker$StatusHolder;+0
j  org.testng.internal.Invoker.invokeMethod(Ljava/lang/Object;Lorg/testng/ITestNGMethod;[Ljava/lang/Object;ILorg/testng/xml/XmlSuite;Ljava/util/Map;Lorg/testng/ITestClass;[Lorg/testng/ITestNGMethod;[Lorg/testng/ITestNGMethod;Lorg/testng/internal/ConfigurationGroupMethods;Lorg/testng/internal/Invoker$FailureContext;)Lorg/testng/ITestResult;+842
j  org.testng.internal.Invoker.invokeTestMethod(Ljava/lang/Object;Lorg/testng/ITestNGMethod;[Ljava/lang/Object;ILorg/testng/xml/XmlSuite;Ljava/util/Map;Lorg/testng/ITestClass;[Lorg/testng/ITestNGMethod;[Lorg/testng/ITestNGMethod;Lorg/testng/internal/ConfigurationGroupMethods;Lorg/testng/internal/Invoker$FailureContext;)Lorg/testng/ITestResult;+29
j  org.testng.internal.Invoker.invokeTestMethods(Lorg/testng/ITestNGMethod;Ljava/util/Map;Lorg/testng/internal/ConfigurationGroupMethods;Ljava/lang/Object;Lorg/testng/ITestContext;)Ljava/util/List;+736
j  org.testng.internal.TestMethodWorker.invokeTestMethods(Lorg/testng/ITestNGMethod;Ljava/lang/Object;)V+18
j  org.testng.internal.TestMethodWorker.run()V+100
j  org.testng.TestRunner.privateRun(Lorg/testng/xml/XmlTest;)V+317
j  org.testng.TestRunner.run()V+25
j  org.testng.SuiteRunner.runTest(Lorg/testng/TestRunner;)V+21
j  org.testng.SuiteRunner.runSequentially()V+31
j  org.testng.SuiteRunner.privateRun()V+283
j  org.testng.SuiteRunner.run()V+6
j  org.testng.SuiteRunnerWorker.runSuite(Lorg/testng/internal/SuiteRunnerMap;Lorg/testng/xml/XmlSuite;)V+87
j  org.testng.SuiteRunnerWorker.run()V+12
j  org.testng.TestNG.runSuitesSequentially(Lorg/testng/xml/XmlSuite;Lorg/testng/internal/SuiteRunnerMap;ILjava/lang/String;)V+66
j  org.testng.TestNG.runSuitesLocally()Ljava/util/List;+156
j  org.testng.TestNG.runSuites()Ljava/util/List;+1
j  org.testng.TestNG.run()V+25
j  com.intellij.rt.testng.IDEARemoteTestNG.run()V+270
j  com.intellij.rt.testng.RemoteTestNGStarter.main([Ljava/lang/String;)V+533
v  ~StubRoutines::call_stub

---------------  P R O C E S S  ---------------

Java Threads: ( => current thread )
  0x0000000015e97800 JavaThread "Keep-Alive-Timer" daemon [_thread_blocked, id=6680, stack(0x0000000017f00000,0x0000000018000000)]
  0x0000000015e95800 JavaThread "Exec Stream Pumper" daemon [_thread_in_native, id=2528, stack(0x0000000017d00000,0x0000000017e00000)]
  0x0000000015e97000 JavaThread "Exec Stream Pumper" daemon [_thread_in_native, id=11112, stack(0x0000000017c00000,0x0000000017d00000)]
  0x0000000015e96000 JavaThread "Exec Default Executor" daemon [_thread_in_native, id=10972, stack(0x0000000017b00000,0x0000000017c00000)]
  0x0000000015e93000 JavaThread "Exec Stream Pumper" daemon [_thread_in_native, id=1152, stack(0x0000000017800000,0x0000000017900000)]
  0x00000000142c2000 JavaThread "Exec Stream Pumper" daemon [_thread_in_native, id=3872, stack(0x0000000017700000,0x0000000017800000)]
  0x0000000015685800 JavaThread "Exec Default Executor" daemon [_thread_in_native, id=7724, stack(0x0000000017000000,0x0000000017100000)]
  0x00000000160fa800 JavaThread "Okio Watchdog" daemon [_thread_blocked, id=4192, stack(0x0000000017600000,0x0000000017700000)]
  0x00000000160f3800 JavaThread "OkHttp ConnectionPool" daemon [_thread_blocked, id=2052, stack(0x0000000017500000,0x0000000017600000)]
  0x0000000015f83000 JavaThread "Exec Stream Pumper" daemon [_thread_in_native, id=11076, stack(0x0000000016f00000,0x0000000017000000)]
  0x0000000015f8e000 JavaThread "Exec Stream Pumper" daemon [_thread_in_native, id=6092, stack(0x0000000016e00000,0x0000000016f00000)]
  0x0000000015f82000 JavaThread "UrlChecker-2" daemon [_thread_blocked, id=7588, stack(0x0000000016c00000,0x0000000016d00000)]
  0x0000000015f74000 JavaThread "Exec Default Executor" daemon [_thread_in_native, id=4308, stack(0x0000000016b00000,0x0000000016c00000)]
  0x00000000142dd000 JavaThread "Service Thread" daemon [_thread_blocked, id=11040, stack(0x00000000159c0000,0x0000000015ac0000)]
  0x000000001531c000 JavaThread "C1 CompilerThread1" daemon [_thread_blocked, id=3644, stack(0x00000000158c0000,0x00000000159c0000)]
  0x000000001531a000 JavaThread "C2 CompilerThread0" daemon [_thread_blocked, id=6128, stack(0x00000000157c0000,0x00000000158c0000)]
  0x0000000015318000 JavaThread "Monitor Ctrl-Break" daemon [_thread_in_native, id=9740, stack(0x00000000156c0000,0x00000000157c0000)]
  0x0000000014285000 JavaThread "Attach Listener" daemon [_thread_blocked, id=7468, stack(0x00000000151c0000,0x00000000152c0000)]
  0x0000000014281800 JavaThread "Signal Dispatcher" daemon [_thread_blocked, id=6276, stack(0x00000000150c0000,0x00000000151c0000)]
  0x0000000014268800 JavaThread "Finalizer" daemon [_thread_blocked, id=1984, stack(0x0000000014ec0000,0x0000000014fc0000)]
  0x0000000003090800 JavaThread "Reference Handler" daemon [_thread_blocked, id=4988, stack(0x0000000014dc0000,0x0000000014ec0000)]
=>0x0000000002fa3800 JavaThread "main" [_thread_in_vm, id=10388, stack(0x0000000002bf0000,0x0000000002cf0000)]

Other Threads:
  0x0000000014246800 VMThread [stack: 0x0000000014cc0000,0x0000000014dc0000] [id=3648]
  0x000000001536e000 WatcherThread [stack: 0x0000000015ac0000,0x0000000015bc0000] [id=9948]

VM state:not at safepoint (normal execution)

VM Mutex/Monitor currently owned by a thread: None

Heap:
 PSYoungGen      total 11776K, used 10215K [0x00000000f5580000, 0x00000000f6c80000, 0x0000000100000000)
  eden space 8704K, 89% used [0x00000000f5580000,0x00000000f5d23e20,0x00000000f5e00000)
  from space 3072K, 77% used [0x00000000f5e00000,0x00000000f6056048,0x00000000f6100000)
  to   space 3072K, 0% used [0x00000000f6980000,0x00000000f6980000,0x00000000f6c80000)
 ParOldGen       total 22016K, used 6145K [0x00000000e0000000, 0x00000000e1580000, 0x00000000f5580000)
  object space 22016K, 27% used [0x00000000e0000000,0x00000000e0600760,0x00000000e1580000)
 Metaspace       used 17240K, capacity 18056K, committed 18304K, reserved 1064960K
  class space    used 2146K, capacity 2352K, committed 2432K, reserved 1048576K

Card table byte_map: [0x0000000012460000,0x0000000012570000] byte_map_base: 0x0000000011d60000

Marking Bits: (ParMarkBitMap*) 0x0000000072780860
 Begin Bits: [0x0000000012820000, 0x0000000013020000)
 End Bits:   [0x0000000013020000, 0x0000000013820000)

Polling page: 0x0000000001050000

CodeCache: size=245760Kb used=5845Kb max_used=5845Kb free=239914Kb
 bounds [0x00000000030a0000, 0x0000000003660000, 0x00000000120a0000]
 total_blobs=2132 nmethods=1716 adapters=328
 compilation: enabled

Compilation events (10 events):
Event: 33.731 Thread 0x000000001531c000 1712       3       java.lang.invoke.Invokers::checkCustomized (20 bytes)
Event: 33.731 Thread 0x000000001531c000 nmethod 1712 0x00000000036533d0 code [0x0000000003653540, 0x00000000036537e8]
Event: 33.732 Thread 0x000000001531c000 1713       3       java.util.concurrent.atomic.AtomicInteger::incrementAndGet (14 bytes)
Event: 33.732 Thread 0x000000001531c000 nmethod 1713 0x00000000036530d0 code [0x0000000003653220, 0x0000000003653370]
Event: 33.769 Thread 0x000000001531c000 1716       3       java.lang.reflect.WeakCache$LookupValue::equals (34 bytes)
Event: 33.769 Thread 0x000000001531c000 nmethod 1716 0x0000000003652890 code [0x0000000003652a20, 0x0000000003652f28]
Event: 33.769 Thread 0x000000001531c000 1714       3       sun.reflect.annotation.AnnotationInvocationHandler::asOneOfUs (29 bytes)
Event: 33.770 Thread 0x000000001531c000 nmethod 1714 0x0000000003654250 code [0x0000000003654460, 0x0000000003654f28]
Event: 33.770 Thread 0x000000001531c000 1715       3       java.lang.reflect.Proxy::getInvocationHandler (67 bytes)
Event: 33.773 Thread 0x000000001531c000 nmethod 1715 0x0000000003655350 code [0x0000000003655720, 0x0000000003657b88]

GC Heap History (10 events):
Event: 2.548 GC heap before
{Heap before GC invocations=3 (full 0):
 PSYoungGen      total 9728K, used 9712K [0x00000000f5580000, 0x00000000f6000000, 0x0000000100000000)
  eden space 8704K, 100% used [0x00000000f5580000,0x00000000f5e00000,0x00000000f5e00000)
  from space 1024K, 98% used [0x00000000f5f00000,0x00000000f5ffc030,0x00000000f6000000)
  to   space 1024K, 0% used [0x00000000f5e00000,0x00000000f5e00000,0x00000000f5f00000)
 ParOldGen       total 22016K, used 1941K [0x00000000e0000000, 0x00000000e1580000, 0x00000000f5580000)
  object space 22016K, 8% used [0x00000000e0000000,0x00000000e01e55c0,0x00000000e1580000)
 Metaspace       used 11203K, capacity 11448K, committed 11648K, reserved 1058816K
  class space    used 1334K, capacity 1408K, committed 1408K, reserved 1048576K
Event: 2.557 GC heap after
Heap after GC invocations=3 (full 0):
 PSYoungGen      total 9728K, used 1008K [0x00000000f5580000, 0x00000000f6000000, 0x0000000100000000)
  eden space 8704K, 0% used [0x00000000f5580000,0x00000000f5580000,0x00000000f5e00000)
  from space 1024K, 98% used [0x00000000f5e00000,0x00000000f5efc010,0x00000000f5f00000)
  to   space 1024K, 0% used [0x00000000f5f00000,0x00000000f5f00000,0x00000000f6000000)
 ParOldGen       total 22016K, used 3186K [0x00000000e0000000, 0x00000000e1580000, 0x00000000f5580000)
  object space 22016K, 14% used [0x00000000e0000000,0x00000000e031cbb0,0x00000000e1580000)
 Metaspace       used 11203K, capacity 11448K, committed 11648K, reserved 1058816K
  class space    used 1334K, capacity 1408K, committed 1408K, reserved 1048576K
}
Event: 2.980 GC heap before
{Heap before GC invocations=4 (full 0):
 PSYoungGen      total 9728K, used 9712K [0x00000000f5580000, 0x00000000f6000000, 0x0000000100000000)
  eden space 8704K, 100% used [0x00000000f5580000,0x00000000f5e00000,0x00000000f5e00000)
  from space 1024K, 98% used [0x00000000f5e00000,0x00000000f5efc010,0x00000000f5f00000)
  to   space 1024K, 0% used [0x00000000f5f00000,0x00000000f5f00000,0x00000000f6000000)
 ParOldGen       total 22016K, used 3186K [0x00000000e0000000, 0x00000000e1580000, 0x00000000f5580000)
  object space 22016K, 14% used [0x00000000e0000000,0x00000000e031cbb0,0x00000000e1580000)
 Metaspace       used 12365K, capacity 12662K, committed 12928K, reserved 1060864K
  class space    used 1454K, capacity 1551K, committed 1664K, reserved 1048576K
Event: 2.984 GC heap after
Heap after GC invocations=4 (full 0):
 PSYoungGen      total 9728K, used 1024K [0x00000000f5580000, 0x00000000f6000000, 0x0000000100000000)
  eden space 8704K, 0% used [0x00000000f5580000,0x00000000f5580000,0x00000000f5e00000)
  from space 1024K, 100% used [0x00000000f5f00000,0x00000000f6000000,0x00000000f6000000)
  to   space 1024K, 0% used [0x00000000f5e00000,0x00000000f5e00000,0x00000000f5f00000)
 ParOldGen       total 22016K, used 4815K [0x00000000e0000000, 0x00000000e1580000, 0x00000000f5580000)
  object space 22016K, 21% used [0x00000000e0000000,0x00000000e04b3cc0,0x00000000e1580000)
 Metaspace       used 12365K, capacity 12662K, committed 12928K, reserved 1060864K
  class space    used 1454K, capacity 1551K, committed 1664K, reserved 1048576K
}
Event: 3.707 GC heap before
{Heap before GC invocations=5 (full 0):
 PSYoungGen      total 9728K, used 9728K [0x00000000f5580000, 0x00000000f6000000, 0x0000000100000000)
  eden space 8704K, 100% used [0x00000000f5580000,0x00000000f5e00000,0x00000000f5e00000)
  from space 1024K, 100% used [0x00000000f5f00000,0x00000000f6000000,0x00000000f6000000)
  to   space 1024K, 0% used [0x00000000f5e00000,0x00000000f5e00000,0x00000000f5f00000)
 ParOldGen       total 22016K, used 4815K [0x00000000e0000000, 0x00000000e1580000, 0x00000000f5580000)
  object space 22016K, 21% used [0x00000000e0000000,0x00000000e04b3cc0,0x00000000e1580000)
 Metaspace       used 13613K, capacity 13994K, committed 14080K, reserved 1060864K
  class space    used 1635K, capacity 1781K, committed 1792K, reserved 1048576K
Event: 3.711 GC heap after
Heap after GC invocations=5 (full 0):
 PSYoungGen      total 9728K, used 992K [0x00000000f5580000, 0x00000000f6400000, 0x0000000100000000)
  eden space 8704K, 0% used [0x00000000f5580000,0x00000000f5580000,0x00000000f5e00000)
  from space 1024K, 96% used [0x00000000f5e00000,0x00000000f5ef8010,0x00000000f5f00000)
  to   space 3072K, 0% used [0x00000000f6100000,0x00000000f6100000,0x00000000f6400000)
 ParOldGen       total 22016K, used 5865K [0x00000000e0000000, 0x00000000e1580000, 0x00000000f5580000)
  object space 22016K, 26% used [0x00000000e0000000,0x00000000e05ba760,0x00000000e1580000)
 Metaspace       used 13613K, capacity 13994K, committed 14080K, reserved 1060864K
  class space    used 1635K, capacity 1781K, committed 1792K, reserved 1048576K
}
Event: 3.925 GC heap before
{Heap before GC invocations=6 (full 0):
 PSYoungGen      total 9728K, used 9696K [0x00000000f5580000, 0x00000000f6400000, 0x0000000100000000)
  eden space 8704K, 100% used [0x00000000f5580000,0x00000000f5e00000,0x00000000f5e00000)
  from space 1024K, 96% used [0x00000000f5e00000,0x00000000f5ef8010,0x00000000f5f00000)
  to   space 3072K, 0% used [0x00000000f6100000,0x00000000f6100000,0x00000000f6400000)
 ParOldGen       total 22016K, used 5865K [0x00000000e0000000, 0x00000000e1580000, 0x00000000f5580000)
  object space 22016K, 26% used [0x00000000e0000000,0x00000000e05ba760,0x00000000e1580000)
 Metaspace       used 15069K, capacity 15836K, committed 16000K, reserved 1062912K
  class space    used 1878K, capacity 2074K, committed 2176K, reserved 1048576K
Event: 3.929 GC heap after
Heap after GC invocations=6 (full 0):
 PSYoungGen      total 11776K, used 2104K [0x00000000f5580000, 0x00000000f6c80000, 0x0000000100000000)
  eden space 8704K, 0% used [0x00000000f5580000,0x00000000f5580000,0x00000000f5e00000)
  from space 3072K, 68% used [0x00000000f6100000,0x00000000f630e050,0x00000000f6400000)
  to   space 3072K, 0% used [0x00000000f5e00000,0x00000000f5e00000,0x00000000f6100000)
 ParOldGen       total 22016K, used 5865K [0x00000000e0000000, 0x00000000e1580000, 0x00000000f5580000)
  object space 22016K, 26% used [0x00000000e0000000,0x00000000e05ba760,0x00000000e1580000)
 Metaspace       used 15069K, capacity 15836K, committed 16000K, reserved 1062912K
  class space    used 1878K, capacity 2074K, committed 2176K, reserved 1048576K
}
Event: 9.897 GC heap before
{Heap before GC invocations=7 (full 0):
 PSYoungGen      total 11776K, used 10808K [0x00000000f5580000, 0x00000000f6c80000, 0x0000000100000000)
  eden space 8704K, 100% used [0x00000000f5580000,0x00000000f5e00000,0x00000000f5e00000)
  from space 3072K, 68% used [0x00000000f6100000,0x00000000f630e050,0x00000000f6400000)
  to   space 3072K, 0% used [0x00000000f5e00000,0x00000000f5e00000,0x00000000f6100000)
 ParOldGen       total 22016K, used 5865K [0x00000000e0000000, 0x00000000e1580000, 0x00000000f5580000)
  object space 22016K, 26% used [0x00000000e0000000,0x00000000e05ba760,0x00000000e1580000)
 Metaspace       used 16460K, capacity 17228K, committed 17408K, reserved 1064960K
  class space    used 2059K, capacity 2254K, committed 2304K, reserved 1048576K
Event: 9.992 GC heap after
Heap after GC invocations=7 (full 0):
 PSYoungGen      total 11776K, used 2392K [0x00000000f5580000, 0x00000000f6c80000, 0x0000000100000000)
  eden space 8704K, 0% used [0x00000000f5580000,0x00000000f5580000,0x00000000f5e00000)
  from space 3072K, 77% used [0x00000000f5e00000,0x00000000f6056048,0x00000000f6100000)
  to   space 3072K, 0% used [0x00000000f6980000,0x00000000f6980000,0x00000000f6c80000)
 ParOldGen       total 22016K, used 6145K [0x00000000e0000000, 0x00000000e1580000, 0x00000000f5580000)
  object space 22016K, 27% used [0x00000000e0000000,0x00000000e0600760,0x00000000e1580000)
 Metaspace       used 16460K, capacity 17228K, committed 17408K, reserved 1064960K
  class space    used 2059K, capacity 2254K, committed 2304K, reserved 1048576K
}

Deoptimization events (10 events):
Event: 3.867 Thread 0x0000000002fa3800 Uncommon trap: reason=class_check action=maybe_recompile pc=0x00000000034cda04 method=java.util.regex.Matcher.search(I)Z @ 86
Event: 3.867 Thread 0x0000000002fa3800 Uncommon trap: reason=class_check action=maybe_recompile pc=0x00000000034cda04 method=java.util.regex.Matcher.search(I)Z @ 86
Event: 3.867 Thread 0x0000000002fa3800 Uncommon trap: reason=class_check action=maybe_recompile pc=0x0000000003492f64 method=java.util.regex.Pattern$Curly.match(Ljava/util/regex/Matcher;ILjava/lang/CharSequence;)Z @ 19
Event: 3.879 Thread 0x0000000002fa3800 Uncommon trap: reason=class_check action=maybe_recompile pc=0x0000000003492f64 method=java.util.regex.Pattern$Curly.match(Ljava/util/regex/Matcher;ILjava/lang/CharSequence;)Z @ 19
Event: 3.879 Thread 0x0000000002fa3800 Uncommon trap: reason=class_check action=maybe_recompile pc=0x0000000003492f64 method=java.util.regex.Pattern$Curly.match(Ljava/util/regex/Matcher;ILjava/lang/CharSequence;)Z @ 19
Event: 3.957 Thread 0x0000000002fa3800 Uncommon trap: reason=unstable_if action=reinterpret pc=0x000000000350f468 method=java.util.regex.Pattern$BmpCharProperty.match(Ljava/util/regex/Matcher;ILjava/lang/CharSequence;)Z @ 34
Event: 9.732 Thread 0x0000000002fa3800 Uncommon trap: reason=class_check action=maybe_recompile pc=0x00000000035a6674 method=org.openqa.selenium.json.Input.init()V @ 18
Event: 9.733 Thread 0x0000000002fa3800 Uncommon trap: reason=class_check action=maybe_recompile pc=0x00000000035a6674 method=org.openqa.selenium.json.Input.init()V @ 18
Event: 9.733 Thread 0x0000000002fa3800 Uncommon trap: reason=class_check action=maybe_recompile pc=0x00000000035a6674 method=org.openqa.selenium.json.Input.init()V @ 18
Event: 9.733 Thread 0x0000000002fa3800 Uncommon trap: reason=class_check action=maybe_recompile pc=0x00000000035a6674 method=org.openqa.selenium.json.Input.init()V @ 18

Classes redefined (0 events):
No events

Internal exceptions (10 events):
Event: 10.401 Thread 0x0000000002fa3800 Exception <a 'java/net/SocketTimeoutException': Read timed out> (0x00000000f5607178) thrown at [C:\re\workspace\8-2-build-windows-amd64-cygwin\jdk8u162\10278\hotspot\src\share\vm\prims\jni.cpp, line 735]
Event: 13.006 Thread 0x0000000002fa3800 Exception <a 'java/net/SocketTimeoutException': Read timed out> (0x00000000f561f258) thrown at [C:\re\workspace\8-2-build-windows-amd64-cygwin\jdk8u162\10278\hotspot\src\share\vm\prims\jni.cpp, line 735]
Event: 17.642 Thread 0x0000000002fa3800 Exception <a 'java/lang/NoSuchMethodError': java.lang.Object.lambda$static$0(Ljava/time/Duration;)V> (0x00000000f56d9448) thrown at [C:\re\workspace\8-2-build-windows-amd64-cygwin\jdk8u162\10278\hotspot\src\share\vm\interpreter\linkResolver.cpp, line 620]
Event: 17.694 Thread 0x0000000002fa3800 Exception <a 'java/net/SocketTimeoutException': Read timed out> (0x00000000f570a6e0) thrown at [C:\re\workspace\8-2-build-windows-amd64-cygwin\jdk8u162\10278\hotspot\src\share\vm\prims\jni.cpp, line 735]
Event: 17.729 Thread 0x0000000002fa3800 Exception <a 'java/lang/IncompatibleClassChangeError': Found class java.lang.Object, but interface was expected> (0x00000000f57ac7f0) thrown at [C:\re\workspace\8-2-build-windows-amd64-cygwin\jdk8u162\10278\hotspot\src\share\vm\interpreter\linkResolver.cp
Event: 28.778 Thread 0x0000000002fa3800 Exception <a 'java/net/SocketTimeoutException': Read timed out> (0x00000000f5a8e2f8) thrown at [C:\re\workspace\8-2-build-windows-amd64-cygwin\jdk8u162\10278\hotspot\src\share\vm\prims\jni.cpp, line 735]
Event: 29.118 Thread 0x0000000002fa3800 Exception <a 'java/net/SocketTimeoutException': Read timed out> (0x00000000f5aa4938) thrown at [C:\re\workspace\8-2-build-windows-amd64-cygwin\jdk8u162\10278\hotspot\src\share\vm\prims\jni.cpp, line 735]
Event: 31.779 Thread 0x0000000002fa3800 Exception <a 'java/net/SocketTimeoutException': Read timed out> (0x00000000f5abc2a0) thrown at [C:\re\workspace\8-2-build-windows-amd64-cygwin\jdk8u162\10278\hotspot\src\share\vm\prims\jni.cpp, line 735]
Event: 32.496 Thread 0x0000000015f82000 Exception <a 'java/net/SocketTimeoutException': connect timed out> (0x00000000f5bfa260) thrown at [C:\re\workspace\8-2-build-windows-amd64-cygwin\jdk8u162\10278\hotspot\src\share\vm\prims\jni.cpp, line 735]
Event: 33.762 Thread 0x0000000002fa3800 Exception <a 'java/lang/reflect/InvocationTargetException'> (0x00000000f5d03160) thrown at [C:\re\workspace\8-2-build-windows-amd64-cygwin\jdk8u162\10278\hotspot\src\share\vm\runtime\reflection.cpp, line 1092]

Events (10 events):
Event: 33.759 loading class sun/misc/JavaAWTAccess
Event: 33.760 loading class sun/misc/JavaAWTAccess done
Event: 33.760 loading class sun/misc/JavaNetHttpCookieAccess
Event: 33.760 loading class sun/misc/JavaNetHttpCookieAccess done
Event: 33.762 loading class org/testng/internal/ExpectedExceptionsHolder
Event: 33.762 loading class org/testng/internal/ExpectedExceptionsHolder done
Event: 33.766 loading class org/testng/internal/RegexpExpectedExceptionsHolder
Event: 33.766 loading class org/testng/internal/RegexpExpectedExceptionsHolder done
Event: 33.770 loading class org/testng/internal/Invoker$StatusHolder
Event: 33.770 loading class org/testng/internal/Invoker$StatusHolder done


Dynamic libraries:
0x00007ff7bb2e0000 - 0x00007ff7bb317000 	C:\Program Files\Java\jdk1.8.0_162\bin\java.exe
0x00007ff8064b0000 - 0x00007ff8066a6000 	C:\WINDOWS\SYSTEM32\ntdll.dll
0x00007ff804900000 - 0x00007ff8049bd000 	C:\WINDOWS\System32\KERNEL32.DLL
0x00007ff803f20000 - 0x00007ff8041e9000 	C:\WINDOWS\System32\KERNELBASE.dll
0x00007ff805bd0000 - 0x00007ff805c7c000 	C:\WINDOWS\System32\ADVAPI32.dll
0x00007ff805350000 - 0x00007ff8053ee000 	C:\WINDOWS\System32\msvcrt.dll
0x00007ff8055e0000 - 0x00007ff80567c000 	C:\WINDOWS\System32\sechost.dll
0x00007ff8054a0000 - 0x00007ff8055cb000 	C:\WINDOWS\System32\RPCRT4.dll
0x00007ff805060000 - 0x00007ff805200000 	C:\WINDOWS\System32\USER32.dll
0x00007ff803e50000 - 0x00007ff803e72000 	C:\WINDOWS\System32\win32u.dll
0x00007ff804b10000 - 0x00007ff804b3a000 	C:\WINDOWS\System32\GDI32.dll
0x00007ff804370000 - 0x00007ff804479000 	C:\WINDOWS\System32\gdi32full.dll
0x00007ff803e80000 - 0x00007ff803f1d000 	C:\WINDOWS\System32\msvcp_win.dll
0x00007ff804270000 - 0x00007ff804370000 	C:\WINDOWS\System32\ucrtbase.dll
0x00007fffe7620000 - 0x00007fffe78bb000 	C:\WINDOWS\WinSxS\amd64_microsoft.windows.common-controls_6595b64144ccf1df_6.0.19041.488_none_ca04af081b815d21\COMCTL32.dll
0x00007ff8049c0000 - 0x00007ff8049f0000 	C:\WINDOWS\System32\IMM32.DLL
0x0000000072800000 - 0x00000000728d1000 	C:\Program Files\Java\jdk1.8.0_162\jre\bin\msvcr100.dll
0x0000000071f60000 - 0x0000000072800000 	C:\Program Files\Java\jdk1.8.0_162\jre\bin\server\jvm.dll
0x00007ff8055d0000 - 0x00007ff8055d8000 	C:\WINDOWS\System32\PSAPI.DLL
0x00007ffff3690000 - 0x00007ffff3699000 	C:\WINDOWS\SYSTEM32\WSOCK32.dll
0x00007ff805200000 - 0x00007ff80526b000 	C:\WINDOWS\System32\WS2_32.dll
0x00007ffffc710000 - 0x00007ffffc737000 	C:\WINDOWS\SYSTEM32\WINMM.dll
0x00007ffffe120000 - 0x00007ffffe12a000 	C:\WINDOWS\SYSTEM32\VERSION.dll
0x0000000071f50000 - 0x0000000071f5f000 	C:\Program Files\Java\jdk1.8.0_162\jre\bin\verify.dll
0x0000000071f20000 - 0x0000000071f49000 	C:\Program Files\Java\jdk1.8.0_162\jre\bin\java.dll
0x0000000071e60000 - 0x0000000071e83000 	C:\Program Files\Java\jdk1.8.0_162\jre\bin\instrument.dll
0x0000000071ed0000 - 0x0000000071ee6000 	C:\Program Files\Java\jdk1.8.0_162\jre\bin\zip.dll
0x00007ff805c80000 - 0x00007ff8063c2000 	C:\WINDOWS\System32\SHELL32.dll
0x00007ff801d60000 - 0x00007ff8024f5000 	C:\WINDOWS\SYSTEM32\windows.storage.dll
0x00007ff805870000 - 0x00007ff805bc6000 	C:\WINDOWS\System32\combase.dll
0x00007ff803590000 - 0x00007ff8035bc000 	C:\WINDOWS\SYSTEM32\Wldp.dll
0x00007ff804510000 - 0x00007ff8045be000 	C:\WINDOWS\System32\SHCORE.dll
0x00007ff805680000 - 0x00007ff8056d5000 	C:\WINDOWS\System32\shlwapi.dll
0x00007ff803b20000 - 0x00007ff803b46000 	C:\WINDOWS\SYSTEM32\profapi.dll
0x00007ff800010000 - 0x00007ff80002a000 	E:\JetBrains\IntelliJ-IDEA-Community-Edition-2020.1.3\bin\breakgen64.dll
0x0000000071eb0000 - 0x0000000071eca000 	C:\Program Files\Java\jdk1.8.0_162\jre\bin\net.dll
0x00007ff803310000 - 0x00007ff80337a000 	C:\WINDOWS\system32\mswsock.dll
0x00007ff8034f0000 - 0x00007ff803508000 	C:\WINDOWS\SYSTEM32\CRYPTSP.dll
0x00007ff802ca0000 - 0x00007ff802cd4000 	C:\WINDOWS\system32\rsaenh.dll
0x00007ff804480000 - 0x00007ff8044a7000 	C:\WINDOWS\System32\bcrypt.dll
0x00007ff803ae0000 - 0x00007ff803b0e000 	C:\WINDOWS\SYSTEM32\USERENV.dll
0x00007ff8041f0000 - 0x00007ff804270000 	C:\WINDOWS\System32\bcryptprimitives.dll
0x00007ff8034e0000 - 0x00007ff8034ec000 	C:\WINDOWS\SYSTEM32\CRYPTBASE.dll
0x00007ff803000000 - 0x00007ff80303b000 	C:\WINDOWS\SYSTEM32\IPHLPAPI.DLL
0x00007ff804b40000 - 0x00007ff804b48000 	C:\WINDOWS\System32\NSI.dll
0x00007ffffc260000 - 0x00007ffffc277000 	C:\WINDOWS\SYSTEM32\dhcpcsvc6.DLL
0x00007ffffc240000 - 0x00007ffffc25d000 	C:\WINDOWS\SYSTEM32\dhcpcsvc.DLL
0x00007ff803040000 - 0x00007ff80310b000 	C:\WINDOWS\SYSTEM32\DNSAPI.dll
0x0000000071e90000 - 0x0000000071ea1000 	C:\Program Files\Java\jdk1.8.0_162\jre\bin\nio.dll
0x00007ffff8f00000 - 0x00007ffff8f0a000 	C:\Windows\System32\rasadhlp.dll
0x00007ffff8e80000 - 0x00007ffff8eff000 	C:\WINDOWS\System32\fwpuclnt.dll
0x0000000071e30000 - 0x0000000071e54000 	C:\Program Files\Java\jdk1.8.0_162\jre\bin\sunec.dll
0x0000000071f00000 - 0x0000000071f0b000 	C:\Program Files\Java\jdk1.8.0_162\jre\bin\sunmscapi.dll
0x00007ff803c40000 - 0x00007ff803d9d000 	C:\WINDOWS\System32\CRYPT32.dll
0x00007fffeff80000 - 0x00007fffeff97000 	C:\WINDOWS\system32\napinsp.dll
0x00007fffeff60000 - 0x00007fffeff7b000 	C:\WINDOWS\system32\pnrpnsp.dll
0x00007ffffe990000 - 0x00007ffffe9a5000 	C:\WINDOWS\system32\wshbth.dll
0x00007fffff680000 - 0x00007fffff69d000 	C:\WINDOWS\system32\NLAapi.dll
0x00007fffee1d0000 - 0x00007fffee1e2000 	C:\WINDOWS\System32\winrnr.dll

VM Arguments:
jvm_args: -ea -Didea.test.cyclic.buffer.size=1048576 -javaagent:E:\JetBrains\IntelliJ-IDEA-Community-Edition-2020.1.3\lib\idea_rt.jar=53272:E:\JetBrains\IntelliJ-IDEA-Community-Edition-2020.1.3\bin -Dfile.encoding=UTF-8 
java_command: com.intellij.rt.testng.RemoteTestNGStarter -usedefaultlisteners false -socket53271 @w@C:\Users\Admin\AppData\Local\Temp\idea_working_dirs_testng.tmp -temp C:\Users\Admin\AppData\Local\Temp\idea_testng.tmp
java_class_path (initial): E:\JetBrains\IntelliJ-IDEA-Community-Edition-2020.1.3\lib\idea_rt.jar;E:\JetBrains\IntelliJ-IDEA-Community-Edition-2020.1.3\plugins\testng\lib\testng-rt.jar;C:\Program Files\Java\jdk1.8.0_162\jre\lib\charsets.jar;C:\Program Files\Java\jdk1.8.0_162\jre\lib\deploy.jar;C:\Program Files\Java\jdk1.8.0_162\jre\lib\ext\access-bridge-64.jar;C:\Program Files\Java\jdk1.8.0_162\jre\lib\ext\cldrdata.jar;C:\Program Files\Java\jdk1.8.0_162\jre\lib\ext\dnsns.jar;C:\Program Files\Java\jdk1.8.0_162\jre\lib\ext\jaccess.jar;C:\Program Files\Java\jdk1.8.0_162\jre\lib\ext\jfxrt.jar;C:\Program Files\Java\jdk1.8.0_162\jre\lib\ext\localedata.jar;C:\Program Files\Java\jdk1.8.0_162\jre\lib\ext\nashorn.jar;C:\Program Files\Java\jdk1.8.0_162\jre\lib\ext\sunec.jar;C:\Program Files\Java\jdk1.8.0_162\jre\lib\ext\sunjce_provider.jar;C:\Program Files\Java\jdk1.8.0_162\jre\lib\ext\sunmscapi.jar;C:\Program Files\Java\jdk1.8.0_162\jre\lib\ext\sunpkcs11.jar;C:\Program Files\Java\jdk1.8.0_162\jre\lib\ext\zipfs.jar;C:\Program Files\Java\jdk1.8.0_162\jre\lib\javaws.jar;C:\Program Files\Java\jdk1.8.0_162\jre\lib\jce.jar;C:\Program Files\Java\jdk1.8.0_162\jre\lib\jfr.jar;C:\Program Files\Java\jdk1.8.0_162\jre\lib\jfxswt.jar;C:\Program Files\Java\jdk1.8.0_162\jre\lib\jsse.jar;C:\Program Files\Java\jdk1.8.0_162\jre\lib\management-agent.jar;C:\Program Files\Java\jdk1.8.0_162\jre\lib\plugin.jar;C:\Program Files\Java\jdk1.8.0_162\jre\lib\resources.jar;C:\Program Files\Java\jdk1.8.0_162\jre\lib\rt.jar;C:\Users\Admin\learning\target\test-classes;C:\Users\Admin\learning\target\classes;C:\Users\Admin\.m2\repository\junit\junit\4.11\junit-4.11.jar;C:\Users\Admin\.m2\repository\org\hamcrest\hamcrest-core\1.3\hamcrest-core-1.3.jar;C:\Users\Admin\.m2\repository\org\testng\testng\7.0.0-beta1\testng-7.0.0-beta1.jar;C:\Users\Admin\.m2\repository\com\beust\jcommander\1.72\jcommander-1.72.jar;C:\Users\Admin\.m2\repository\org\seleniumhq\selenium\selenium-chrome-driver\3.141.59\selenium-chrome-dri
Launcher Type: SUN_STANDARD

Environment Variables:
JAVA_HOME=c:\Program Files\Java\jdk1.8.0_162\
PATH=C:\Program Files (x86)\Common Files\Oracle\Java\javapath;C:\WINDOWS\system32;C:\WINDOWS;C:\WINDOWS\System32\Wbem;C:\WINDOWS\System32\WindowsPowerShell\v1.0\;C:\apache-maven-3.6.3\bin;C:\Program Files\Git\cmd;c:\Program Files\Java\jdk1.8.0_162\\bin;C:\Program Files\PuTTY\;C:\WINDOWS\System32\OpenSSH\;C:\Program Files\MySQL\MySQL Shell 8.0\bin\;C:\Users\Admin\AppData\Local\Microsoft\WindowsApps;E:\JetBrains\IntelliJ IDEA 2020.1.2\bin;;E:\JetBrains\IntelliJ-IDEA-Community-Edition-2020.1.3\bin;;C:\Webdriver\bin;
USERNAME=Admin
OS=Windows_NT
PROCESSOR_IDENTIFIER=Intel64 Family 6 Model 142 Stepping 12, GenuineIntel



---------------  S Y S T E M  ---------------

OS: Windows 10.0 , 64 bit Build 19041 (10.0.19041.662)

CPU:total 2 (initial active 2) (2 cores per cpu, 1 threads per core) family 6 model 142 stepping 12, cmov, cx8, fxsr, mmx, sse, sse2, sse3, ssse3, sse4.1, sse4.2, popcnt, avx, avx2, aes, clmul, erms, 3dnowpref, lzcnt, tsc, tscinvbit, bmi1, bmi2, adx

Memory: 4k page, physical 2095984k(188924k free), swap 7257448k(2548k free)

vm_info: Java HotSpot(TM) 64-Bit Server VM (25.162-b12) for windows-amd64 JRE (1.8.0_162-b12), built on Dec 19 2017 20:00:03 by "java_re" with MS VC++ 10.0 (VS2010)

time: Mon Dec 14 14:39:59 2020
elapsed time: 33 seconds (0d 0h 0m 33s)

